Using pre-set license
Built from '2020.3/release' branch; Version is '2020.3.44f1 (7f159b6136da) revision 8328603'; Using compiler version '192528614'; Build Type 'Release'
OS: 'Windows 11  (10.0.26100) 64bit Core' Language: 'fr' Physical Memory: 32710 MB
BatchMode: 1, IsHumanControllingUs: 0, StartBugReporterOnCrash: 0, Is64bit: 1, IsPro: 0

COMMAND LINE ARGUMENTS:
C:\Program Files\Unity\Hub\Editor\2020.3.44f1\Editor\Unity.exe
-adb2
-batchMode
-noUpm
-name
AssetImportWorker0
-projectPath
C:/Users/bluef/Documents/MAINFO501/TP3
-logFile
Logs/AssetImportWorker0.log
-srvPort
52467
Successfully changed project path to: C:/Users/bluef/Documents/MAINFO501/TP3
C:/Users/bluef/Documents/MAINFO501/TP3
Using Asset Import Pipeline V2.
Player connection [21364] Host "[IP] 192.168.1.106 [Port] 2953005216 [Flags] 2 [Guid] 789131165 [EditorId] 789131165 [Version] 1048832 [Id] WindowsEditor(7,DESKTOP-NV0A6I5) [Debug] 1 [PackageName] WindowsEditor [ProjectName] Editor" joined multi-casting on [225.0.0.222:54997]...

Player connection [21364] Host "[IP] 192.168.1.106 [Port] 2953005216 [Flags] 2 [Guid] 789131165 [EditorId] 789131165 [Version] 1048832 [Id] WindowsEditor(7,DESKTOP-NV0A6I5) [Debug] 1 [PackageName] WindowsEditor [ProjectName] Editor" joined alternative multi-casting on [225.0.0.222:34997]...

Refreshing native plugins compatible for Editor in 26.43 ms, found 2 plugins.
Preloading 0 native plugins for Editor in 0.00 ms.
Initialize engine version: 2020.3.44f1 (7f159b6136da)
[Subsystems] Discovering subsystems at path C:/Program Files/Unity/Hub/Editor/2020.3.44f1/Editor/Data/Resources/UnitySubsystems
[Subsystems] Discovering subsystems at path C:/Users/bluef/Documents/MAINFO501/TP3/Assets
GfxDevice: creating device client; threaded=0
Direct3D:
    Version:  Direct3D 11.0 [level 11.1]
    Renderer: NVIDIA GeForce RTX 3060 Ti (ID=0x2486)
    Vendor:   
    VRAM:     8024 MB
    Driver:   32.0.15.6094
Initialize mono
Mono path[0] = 'C:/Program Files/Unity/Hub/Editor/2020.3.44f1/Editor/Data/Managed'
Mono path[1] = 'C:/Program Files/Unity/Hub/Editor/2020.3.44f1/Editor/Data/MonoBleedingEdge/lib/mono/unityjit'
Mono config path = 'C:/Program Files/Unity/Hub/Editor/2020.3.44f1/Editor/Data/MonoBleedingEdge/etc'
Using monoOptions --debugger-agent=transport=dt_socket,embedding=1,server=y,suspend=n,address=127.0.0.1:56792
Begin MonoManager ReloadAssembly
Registering precompiled unity dll's ...
Register platform support module: C:/Program Files/Unity/Hub/Editor/2020.3.44f1/Editor/Data/PlaybackEngines/WindowsStandaloneSupport/UnityEditor.WindowsStandalone.Extensions.dll
Registered in 0.001710 seconds.
Native extension for WindowsStandalone target not found
Refreshing native plugins compatible for Editor in 24.95 ms, found 2 plugins.
Preloading 0 native plugins for Editor in 0.00 ms.
Mono: successfully reloaded assembly
- Completed reload, in  0.428 seconds
Domain Reload Profiling:
	ReloadAssembly (428ms)
		BeginReloadAssembly (51ms)
			ExecutionOrderSort (0ms)
			DisableScriptedObjects (0ms)
			BackupInstance (0ms)
			ReleaseScriptingObjects (0ms)
			CreateAndSetChildDomain (1ms)
		EndReloadAssembly (324ms)
			LoadAssemblies (49ms)
			RebuildTransferFunctionScriptingTraits (0ms)
			SetupTypeCache (104ms)
			ReleaseScriptCaches (0ms)
			RebuildScriptCaches (20ms)
			SetupLoadedEditorAssemblies (129ms)
				LogAssemblyErrors (0ms)
				InitializePlatformSupportModulesInManaged (4ms)
				SetLoadedEditorAssemblies (0ms)
				RefreshPlugins (25ms)
				BeforeProcessingInitializeOnLoad (7ms)
				ProcessInitializeOnLoadAttributes (70ms)
				ProcessInitializeOnLoadMethodAttributes (23ms)
				AfterProcessingInitializeOnLoad (0ms)
				EditorAssembliesLoaded (0ms)
			ExecutionOrderSort2 (0ms)
			AwakeInstancesAfterBackupRestoration (0ms)
Platform modules already initialized, skipping
Registering precompiled user dll's ...
Registered in 0.003009 seconds.
Begin MonoManager ReloadAssembly
Native extension for WindowsStandalone target not found
Refreshing native plugins compatible for Editor in 0.42 ms, found 2 plugins.
Preloading 0 native plugins for Editor in 0.00 ms.
Mono: successfully reloaded assembly
- Completed reload, in  0.726 seconds
Domain Reload Profiling:
	ReloadAssembly (727ms)
		BeginReloadAssembly (106ms)
			ExecutionOrderSort (0ms)
			DisableScriptedObjects (3ms)
			BackupInstance (0ms)
			ReleaseScriptingObjects (0ms)
			CreateAndSetChildDomain (19ms)
		EndReloadAssembly (577ms)
			LoadAssemblies (71ms)
			RebuildTransferFunctionScriptingTraits (0ms)
			SetupTypeCache (181ms)
			ReleaseScriptCaches (0ms)
			RebuildScriptCaches (27ms)
			SetupLoadedEditorAssemblies (256ms)
				LogAssemblyErrors (0ms)
				InitializePlatformSupportModulesInManaged (3ms)
				SetLoadedEditorAssemblies (0ms)
				RefreshPlugins (1ms)
				BeforeProcessingInitializeOnLoad (43ms)
				ProcessInitializeOnLoadAttributes (192ms)
				ProcessInitializeOnLoadMethodAttributes (10ms)
				AfterProcessingInitializeOnLoad (7ms)
				EditorAssembliesLoaded (0ms)
			ExecutionOrderSort2 (0ms)
			AwakeInstancesAfterBackupRestoration (1ms)
Platform modules already initialized, skipping
========================================================================
Worker process is ready to serve import requests
Launched and connected shader compiler UnityShaderCompiler.exe after 0.03 seconds
Refreshing native plugins compatible for Editor in 0.45 ms, found 2 plugins.
Preloading 0 native plugins for Editor in 0.00 ms.
Unloading 1508 Unused Serialized files (Serialized files now loaded: 0)
System memory in use before: 81.0 MB.
System memory in use after: 81.1 MB.

Unloading 17 unused Assets to reduce memory usage. Loaded Objects now: 1962.
Total: 3.011200 ms (FindLiveObjects: 0.122400 ms CreateObjectMapping: 0.041400 ms MarkObjects: 2.753900 ms  DeleteObjects: 0.092600 ms)

AssetImportParameters requested are different than current active one (requested -> active):
  custom:framework-win-MediaFoundation: 216162199b28c13a410421893ffa2e32 -> 
  custom:video-decoder-ogg-theora: a1e56fd34408186e4bbccfd4996cb3dc -> 
  custom:container-muxer-webm: aa71ff27fc2769a1b78a27578f13a17b -> 
  custom:container-demuxer-webm: 4f35f7cbe854078d1ac9338744f61a02 -> 
  custom:container-demuxer-ogg: 62fdf1f143b41e24485cea50d1cbac27 -> 
  custom:video-encoder-webm-vp8: eb34c28f22e8b96e1ab97ce403110664 -> 
  custom:video-codec-MediaFoundation-h265: 746d11721c4dcdbdad8f713fa42b33f4 -> 
  custom:video-decoder-webm-vp8: 9c59270c3fd7afecdb556c50c9e8de78 -> 
  custom:audio-decoder-ogg-vorbis: bf7c407c2cedff20999df2af8eb42d56 -> 
  custom:audio-encoder-webm-vorbis: bf7c407c2cedff20999df2af8eb42d56 -> 
========================================================================
Received Import Request.
  path: Assets/Labels.guiskin
  artifactKey: Guid(48bc45efa4e3a81439b7123ec270e2de) Importer(815301076,1909f56bfc062723c751e8b465ee728b)
Start importing Assets/Labels.guiskin using Guid(48bc45efa4e3a81439b7123ec270e2de) Importer(815301076,1909f56bfc062723c751e8b465ee728b)  -> (artifact id: '1656a7e9a1773c1ba5a3265d4d63725e') in 0.040370 seconds 
========================================================================
Received Import Request.
  Time since last request: 6.416130 seconds.
  path: Assets/Interface.cs
  artifactKey: Guid(d897a5a2142bead4bb17aedb2b31923a) Importer(815301076,1909f56bfc062723c751e8b465ee728b)
Start importing Assets/Interface.cs using Guid(d897a5a2142bead4bb17aedb2b31923a) Importer(815301076,1909f56bfc062723c751e8b465ee728b)  -> (artifact id: '4a698040995a59d866d71368e4844416') in 0.010519 seconds 
========================================================================
Received Import Request.
  Time since last request: 18.526130 seconds.
  path: Assets/Material/Black.mat
  artifactKey: Guid(b18347f472b05144b9ddaf14735db085) Importer(815301076,1909f56bfc062723c751e8b465ee728b)
Start importing Assets/Material/Black.mat using Guid(b18347f472b05144b9ddaf14735db085) Importer(815301076,1909f56bfc062723c751e8b465ee728b)  -> (artifact id: '38ebdb787d156c5340d467b2b13dff1c') in 0.070862 seconds 
========================================================================
Received Import Request.
  Time since last request: 0.000162 seconds.
  path: Assets/Material/verre.mat
  artifactKey: Guid(69767bbfc6edf4d41adaa3170b192b75) Importer(815301076,1909f56bfc062723c751e8b465ee728b)
Start importing Assets/Material/verre.mat using Guid(69767bbfc6edf4d41adaa3170b192b75) Importer(815301076,1909f56bfc062723c751e8b465ee728b)  -> (artifact id: 'b93af55341308d37617a2875dd3d9995') in 0.017683 seconds 
========================================================================
Received Import Request.
  Time since last request: 0.000161 seconds.
  path: Assets/Material/charges.mat
  artifactKey: Guid(95ef453636dc42745b8c2c43d92caa42) Importer(815301076,1909f56bfc062723c751e8b465ee728b)
Start importing Assets/Material/charges.mat using Guid(95ef453636dc42745b8c2c43d92caa42) Importer(815301076,1909f56bfc062723c751e8b465ee728b)  -> (artifact id: 'b868a54ab0c45b759498689d17765c84') in 0.013532 seconds 
========================================================================
Received Import Request.
  Time since last request: 0.000158 seconds.
  path: Assets/Material/grue.mat
  artifactKey: Guid(211faddc7c8827f41be0378f59a5d8fb) Importer(815301076,1909f56bfc062723c751e8b465ee728b)
Start importing Assets/Material/grue.mat using Guid(211faddc7c8827f41be0378f59a5d8fb) Importer(815301076,1909f56bfc062723c751e8b465ee728b)  -> (artifact id: '8f0f0235c5beb7b6f8e6779dbb8abbb0') in 0.012250 seconds 
========================================================================
Received Import Request.
  Time since last request: 0.000149 seconds.
  path: Assets/Material/Joueur.mat
  artifactKey: Guid(eb61aa65e92811243a5c81187c97f2fa) Importer(815301076,1909f56bfc062723c751e8b465ee728b)
Start importing Assets/Material/Joueur.mat using Guid(eb61aa65e92811243a5c81187c97f2fa) Importer(815301076,1909f56bfc062723c751e8b465ee728b)  -> (artifact id: 'e2f9561cd7f1a9e1c59d89d71528e006') in 0.012065 seconds 
AssetImportWorkerClient::OnTransportError - code=2 error=End of file
